Extracting messages from E:\wamp\www\g-yiii4\protected\behaviors\BeforeRequestBehavior.php...
Extracting messages from E:\wamp\www\g-yiii4\protected\behaviors\EndRequestBehavior.php...
Extracting messages from E:\wamp\www\g-yiii4\protected\components\Controller.php...
Extracting messages from E:\wamp\www\g-yiii4\protected\components\UserIdentity.php...
Extracting messages from E:\wamp\www\g-yiii4\protected\config\DB.php...
Extracting messages from E:\wamp\www\g-yiii4\protected\config\console.php...
Extracting messages from E:\wamp\www\g-yiii4\protected\config\front.php...
Extracting messages from E:\wamp\www\g-yiii4\protected\config\main.php...
Extracting messages from E:\wamp\www\g-yiii4\protected\config\params.php...
Extracting messages from E:\wamp\www\g-yiii4\protected\controllers\CategoryController.php...
Extracting messages from E:\wamp\www\g-yiii4\protected\controllers\ContactController.php...
Extracting messages from E:\wamp\www\g-yiii4\protected\controllers\InformationController.php...
Extracting messages from E:\wamp\www\g-yiii4\protected\controllers\NewsController.php...
Extracting messages from E:\wamp\www\g-yiii4\protected\controllers\ProductController.php...
Extracting messages from E:\wamp\www\g-yiii4\protected\controllers\SiteController.php...
Extracting messages from E:\wamp\www\g-yiii4\protected\models\Category.php...
Extracting messages from E:\wamp\www\g-yiii4\protected\models\CategoryI18n.php...
Extracting messages from E:\wamp\www\g-yiii4\protected\models\Contact.php...
Extracting messages from E:\wamp\www\g-yiii4\protected\models\ContactForm.php...
Extracting messages from E:\wamp\www\g-yiii4\protected\models\Information.php...
Extracting messages from E:\wamp\www\g-yiii4\protected\models\InformationI18n.php...
Extracting messages from E:\wamp\www\g-yiii4\protected\models\Language.php...
Extracting messages from E:\wamp\www\g-yiii4\protected\models\LoginForm.php...
Extracting messages from E:\wamp\www\g-yiii4\protected\models\News.php...
Extracting messages from E:\wamp\www\g-yiii4\protected\models\NewsI18n.php...
Extracting messages from E:\wamp\www\g-yiii4\protected\models\Pic.php...
Extracting messages from E:\wamp\www\g-yiii4\protected\models\PicI18n.php...
Extracting messages from E:\wamp\www\g-yiii4\protected\models\PicType.php...
Extracting messages from E:\wamp\www\g-yiii4\protected\models\Product.php...
Extracting messages from E:\wamp\www\g-yiii4\protected\models\Product2category.php...
Extracting messages from E:\wamp\www\g-yiii4\protected\models\Product2image.php...
Extracting messages from E:\wamp\www\g-yiii4\protected\models\ProductI18n.php...
Extracting messages from E:\wamp\www\g-yiii4\protected\models\_base\BaseCategory.php...
Extracting messages from E:\wamp\www\g-yiii4\protected\models\_base\BaseCategoryI18n.php...
Extracting messages from E:\wamp\www\g-yiii4\protected\models\_base\BaseContact.php...
Extracting messages from E:\wamp\www\g-yiii4\protected\models\_base\BaseInformation.php...
Extracting messages from E:\wamp\www\g-yiii4\protected\models\_base\BaseInformationI18n.php...
Extracting messages from E:\wamp\www\g-yiii4\protected\models\_base\BaseLanguage.php...
Extracting messages from E:\wamp\www\g-yiii4\protected\models\_base\BaseNews.php...
Extracting messages from E:\wamp\www\g-yiii4\protected\models\_base\BaseNewsI18n.php...
Extracting messages from E:\wamp\www\g-yiii4\protected\models\_base\BasePic.php...
Extracting messages from E:\wamp\www\g-yiii4\protected\models\_base\BasePicI18n.php...
Extracting messages from E:\wamp\www\g-yiii4\protected\models\_base\BasePicType.php...
Extracting messages from E:\wamp\www\g-yiii4\protected\models\_base\BaseProduct.php...
Extracting messages from E:\wamp\www\g-yiii4\protected\models\_base\BaseProduct2category.php...
Extracting messages from E:\wamp\www\g-yiii4\protected\models\_base\BaseProduct2image.php...
Extracting messages from E:\wamp\www\g-yiii4\protected\models\_base\BaseProductI18n.php...
Extracting messages from E:\wamp\www\g-yiii4\protected\views\category\index.php...
Extracting messages from E:\wamp\www\g-yiii4\protected\views\category\view.php...
Extracting messages from E:\wamp\www\g-yiii4\protected\views\contact\index.php...
Extracting messages from E:\wamp\www\g-yiii4\protected\views\information\view.php...
Extracting messages from E:\wamp\www\g-yiii4\protected\views\layouts\column1.php...
Extracting messages from E:\wamp\www\g-yiii4\protected\views\layouts\column2.php...
Extracting messages from E:\wamp\www\g-yiii4\protected\views\layouts\main.php...
Extracting messages from E:\wamp\www\g-yiii4\protected\views\news\index.php...
Extracting messages from E:\wamp\www\g-yiii4\protected\views\news\view.php...
Extracting messages from E:\wamp\www\g-yiii4\protected\views\product\index.php...
Extracting messages from E:\wamp\www\g-yiii4\protected\views\product\view.php...
Extracting messages from E:\wamp\www\g-yiii4\protected\views\site\error.php...
Extracting messages from E:\wamp\www\g-yiii4\protected\views\site\index.php...
Extracting messages from E:\wamp\www\g-yiii4\protected\views\site\login.php...
Extracting messages from E:\wamp\www\g-yiii4\protected\views\site\pages\about.php...
Extracting messages from E:\wamp\www\g-yiii4\protected\yiic.php...
Saving messages to E:\wamp\www\g-yiii4\protected\messages\zh_tw\M/category.php...nothing new...skipped.
Saving messages to E:\wamp\www\g-yiii4\protected\messages\zh_tw\M/categoryi18n.php...nothing new...skipped.
Saving messages to E:\wamp\www\g-yiii4\protected\messages\zh_tw\M/contact.php...nothing new...skipped.
Saving messages to E:\wamp\www\g-yiii4\protected\messages\zh_tw\M/information.php...nothing new...skipped.
Saving messages to E:\wamp\www\g-yiii4\protected\messages\zh_tw\M/informationi18n.php...nothing new...skipped.
Saving messages to E:\wamp\www\g-yiii4\protected\messages\zh_tw\M/language.php...nothing new...skipped.
Saving messages to E:\wamp\www\g-yiii4\protected\messages\zh_tw\M/news.php...nothing new...skipped.
Saving messages to E:\wamp\www\g-yiii4\protected\messages\zh_tw\M/newsi18n.php...nothing new...skipped.
Saving messages to E:\wamp\www\g-yiii4\protected\messages\zh_tw\M/pic.php...nothing new...skipped.
Saving messages to E:\wamp\www\g-yiii4\protected\messages\zh_tw\M/pici18n.php...nothing new...skipped.
Saving messages to E:\wamp\www\g-yiii4\protected\messages\zh_tw\M/pictype.php...nothing new...skipped.
Saving messages to E:\wamp\www\g-yiii4\protected\messages\zh_tw\M/product.php...nothing new...skipped.
Saving messages to E:\wamp\www\g-yiii4\protected\messages\zh_tw\M/product2category.php...nothing new...skipped.
Saving messages to E:\wamp\www\g-yiii4\protected\messages\zh_tw\M/product2image.php...nothing new...skipped.
Saving messages to E:\wamp\www\g-yiii4\protected\messages\zh_tw\M/producti18n.php...nothing new...skipped.
Saving messages to E:\wamp\www\g-yiii4\protected\messages\zh_tw\app.php...translation merged.
