Extracting messages from E:\wamp\www\g-yiii4\protected\modules\rights\RightsModule.php...
Extracting messages from E:\wamp\www\g-yiii4\protected\modules\rights\components\RAuthorizer.php...
Extracting messages from E:\wamp\www\g-yiii4\protected\modules\rights\components\RController.php...
Extracting messages from E:\wamp\www\g-yiii4\protected\modules\rights\components\RDbAuthManager.php...
Extracting messages from E:\wamp\www\g-yiii4\protected\modules\rights\components\RGenerator.php...
Extracting messages from E:\wamp\www\g-yiii4\protected\modules\rights\components\RInstaller.php...
Extracting messages from E:\wamp\www\g-yiii4\protected\modules\rights\components\RWebUser.php...
Extracting messages from E:\wamp\www\g-yiii4\protected\modules\rights\components\Rights.php...
Extracting messages from E:\wamp\www\g-yiii4\protected\modules\rights\components\RightsFilter.php...
Extracting messages from E:\wamp\www\g-yiii4\protected\modules\rights\components\behaviors\RAuthItemBehavior.php...
Extracting messages from E:\wamp\www\g-yiii4\protected\modules\rights\components\behaviors\RUserBehavior.php...
Extracting messages from E:\wamp\www\g-yiii4\protected\modules\rights\components\dataproviders\RAssignmentDataProvider.php...
Extracting messages from E:\wamp\www\g-yiii4\protected\modules\rights\components\dataproviders\RAuthItemChildDataProvider.php...
Extracting messages from E:\wamp\www\g-yiii4\protected\modules\rights\components\dataproviders\RAuthItemDataProvider.php...
Extracting messages from E:\wamp\www\g-yiii4\protected\modules\rights\components\dataproviders\RAuthItemParentDataProvider.php...
Extracting messages from E:\wamp\www\g-yiii4\protected\modules\rights\components\dataproviders\RPermissionDataProvider.php...
Extracting messages from E:\wamp\www\g-yiii4\protected\modules\rights\controllers\AssignmentController.php...
Extracting messages from E:\wamp\www\g-yiii4\protected\modules\rights\controllers\AuthItemController.php...
Extracting messages from E:\wamp\www\g-yiii4\protected\modules\rights\controllers\InstallController.php...
Extracting messages from E:\wamp\www\g-yiii4\protected\modules\rights\models\AssignmentForm.php...
Extracting messages from E:\wamp\www\g-yiii4\protected\modules\rights\models\AuthChildForm.php...
Extracting messages from E:\wamp\www\g-yiii4\protected\modules\rights\models\AuthItemForm.php...
Extracting messages from E:\wamp\www\g-yiii4\protected\modules\rights\models\GenerateForm.php...
Extracting messages from E:\wamp\www\g-yiii4\protected\modules\rights\views\_flash.php...
Extracting messages from E:\wamp\www\g-yiii4\protected\modules\rights\views\_menu.php...
Extracting messages from E:\wamp\www\g-yiii4\protected\modules\rights\views\assignment\_form.php...
Extracting messages from E:\wamp\www\g-yiii4\protected\modules\rights\views\assignment\user.php...
Extracting messages from E:\wamp\www\g-yiii4\protected\modules\rights\views\assignment\view.php...
Extracting messages from E:\wamp\www\g-yiii4\protected\modules\rights\views\authItem\_childForm.php...
Extracting messages from E:\wamp\www\g-yiii4\protected\modules\rights\views\authItem\_form.php...
Extracting messages from E:\wamp\www\g-yiii4\protected\modules\rights\views\authItem\_generateItems.php...
Extracting messages from E:\wamp\www\g-yiii4\protected\modules\rights\views\authItem\create.php...
Extracting messages from E:\wamp\www\g-yiii4\protected\modules\rights\views\authItem\generate.php...
Extracting messages from E:\wamp\www\g-yiii4\protected\modules\rights\views\authItem\operations.php...
Extracting messages from E:\wamp\www\g-yiii4\protected\modules\rights\views\authItem\permissions.php...
Extracting messages from E:\wamp\www\g-yiii4\protected\modules\rights\views\authItem\roles.php...
Extracting messages from E:\wamp\www\g-yiii4\protected\modules\rights\views\authItem\tasks.php...
Extracting messages from E:\wamp\www\g-yiii4\protected\modules\rights\views\authItem\update.php...
Extracting messages from E:\wamp\www\g-yiii4\protected\modules\rights\views\install\confirm.php...
Extracting messages from E:\wamp\www\g-yiii4\protected\modules\rights\views\install\error.php...
Extracting messages from E:\wamp\www\g-yiii4\protected\modules\rights\views\install\ready.php...
Extracting messages from E:\wamp\www\g-yiii4\protected\modules\rights\views\layouts\main.php...
Saving messages to E:\wamp\www\g-yiii4\protected\modules\rights\messages\zh_tw\core.php...translation merged.
Saving messages to E:\wamp\www\g-yiii4\protected\modules\rights\messages\zh_tw\install.php...translation merged.
