Extracting messages from E:\wamp\www\g-yiii4\protected\backend\behaviors\BeforeRequestBehavior.php...
Extracting messages from E:\wamp\www\g-yiii4\protected\backend\behaviors\EndRequestBehavior.php...
Extracting messages from E:\wamp\www\g-yiii4\protected\backend\components\Controller.php...
Extracting messages from E:\wamp\www\g-yiii4\protected\backend\components\UserIdentity.php...
Extracting messages from E:\wamp\www\g-yiii4\protected\backend\config\_ozman.php...
Extracting messages from E:\wamp\www\g-yiii4\protected\backend\config\console.php...
Extracting messages from E:\wamp\www\g-yiii4\protected\backend\config\db.php...
Extracting messages from E:\wamp\www\g-yiii4\protected\backend\config\main.php...
Extracting messages from E:\wamp\www\g-yiii4\protected\backend\config\params.php...
Extracting messages from E:\wamp\www\g-yiii4\protected\backend\config\test.php...
Extracting messages from E:\wamp\www\g-yiii4\protected\backend\controllers\AdminController.php...
Extracting messages from E:\wamp\www\g-yiii4\protected\backend\controllers\CategoryController.php...
Extracting messages from E:\wamp\www\g-yiii4\protected\backend\controllers\ContactController.php...
Extracting messages from E:\wamp\www\g-yiii4\protected\backend\controllers\InformationController.php...
Extracting messages from E:\wamp\www\g-yiii4\protected\backend\controllers\LanguageController.php...
Extracting messages from E:\wamp\www\g-yiii4\protected\backend\controllers\NewsController.php...
Extracting messages from E:\wamp\www\g-yiii4\protected\backend\controllers\PicController.php...
Extracting messages from E:\wamp\www\g-yiii4\protected\backend\controllers\PicTypeController.php...
Extracting messages from E:\wamp\www\g-yiii4\protected\backend\controllers\ProductController.php...
Extracting messages from E:\wamp\www\g-yiii4\protected\backend\controllers\SettingController.php...
Extracting messages from E:\wamp\www\g-yiii4\protected\backend\controllers\SiteController.php...
Extracting messages from E:\wamp\www\g-yiii4\protected\backend\models\Admin.php...
Extracting messages from E:\wamp\www\g-yiii4\protected\backend\models\Category.php...
Extracting messages from E:\wamp\www\g-yiii4\protected\backend\models\CategoryI18n.php...
Extracting messages from E:\wamp\www\g-yiii4\protected\backend\models\Contact.php...
Extracting messages from E:\wamp\www\g-yiii4\protected\backend\models\ContactForm.php...
Extracting messages from E:\wamp\www\g-yiii4\protected\backend\models\Information.php...
Extracting messages from E:\wamp\www\g-yiii4\protected\backend\models\InformationI18n.php...
Extracting messages from E:\wamp\www\g-yiii4\protected\backend\models\Language.php...
Extracting messages from E:\wamp\www\g-yiii4\protected\backend\models\LoginForm.php...
Extracting messages from E:\wamp\www\g-yiii4\protected\backend\models\News.php...
Extracting messages from E:\wamp\www\g-yiii4\protected\backend\models\NewsI18n.php...
Extracting messages from E:\wamp\www\g-yiii4\protected\backend\models\Pic.php...
Extracting messages from E:\wamp\www\g-yiii4\protected\backend\models\PicI18n.php...
Extracting messages from E:\wamp\www\g-yiii4\protected\backend\models\PicType.php...
Extracting messages from E:\wamp\www\g-yiii4\protected\backend\models\Product.php...
Extracting messages from E:\wamp\www\g-yiii4\protected\backend\models\Product2category.php...
Extracting messages from E:\wamp\www\g-yiii4\protected\backend\models\Product2image.php...
Extracting messages from E:\wamp\www\g-yiii4\protected\backend\models\ProductI18n.php...
Extracting messages from E:\wamp\www\g-yiii4\protected\backend\models\Setting.php...
Extracting messages from E:\wamp\www\g-yiii4\protected\backend\models\_base\BaseAdmin.php...
Extracting messages from E:\wamp\www\g-yiii4\protected\backend\models\_base\BaseCategory.php...
Extracting messages from E:\wamp\www\g-yiii4\protected\backend\models\_base\BaseCategoryI18n.php...
Extracting messages from E:\wamp\www\g-yiii4\protected\backend\models\_base\BaseContact.php...
Extracting messages from E:\wamp\www\g-yiii4\protected\backend\models\_base\BaseInformation.php...
Extracting messages from E:\wamp\www\g-yiii4\protected\backend\models\_base\BaseInformationI18n.php...
Extracting messages from E:\wamp\www\g-yiii4\protected\backend\models\_base\BaseLanguage.php...
Extracting messages from E:\wamp\www\g-yiii4\protected\backend\models\_base\BaseNews.php...
Extracting messages from E:\wamp\www\g-yiii4\protected\backend\models\_base\BaseNewsI18n.php...
Extracting messages from E:\wamp\www\g-yiii4\protected\backend\models\_base\BasePic.php...
Extracting messages from E:\wamp\www\g-yiii4\protected\backend\models\_base\BasePicI18n.php...
Extracting messages from E:\wamp\www\g-yiii4\protected\backend\models\_base\BasePicType.php...
Extracting messages from E:\wamp\www\g-yiii4\protected\backend\models\_base\BaseProduct.php...
Extracting messages from E:\wamp\www\g-yiii4\protected\backend\models\_base\BaseProduct2category.php...
Extracting messages from E:\wamp\www\g-yiii4\protected\backend\models\_base\BaseProduct2image.php...
Extracting messages from E:\wamp\www\g-yiii4\protected\backend\models\_base\BaseProductI18n.php...
Extracting messages from E:\wamp\www\g-yiii4\protected\backend\models\_base\BaseSetting.php...
Extracting messages from E:\wamp\www\g-yiii4\protected\backend\runtime\gii-1.1.14\GiixCrudCode.php...
Extracting messages from E:\wamp\www\g-yiii4\protected\backend\runtime\gii-1.1.14\GiixModelCode.php...
Extracting messages from E:\wamp\www\g-yiii4\protected\backend\tests\WebTestCase.php...
Extracting messages from E:\wamp\www\g-yiii4\protected\backend\tests\bootstrap.php...
Extracting messages from E:\wamp\www\g-yiii4\protected\backend\tests\functional\SiteTest.php...
Extracting messages from E:\wamp\www\g-yiii4\protected\backend\views\admin\_form.php...
Extracting messages from E:\wamp\www\g-yiii4\protected\backend\views\admin\_search.php...
Extracting messages from E:\wamp\www\g-yiii4\protected\backend\views\admin\account.php...
Extracting messages from E:\wamp\www\g-yiii4\protected\backend\views\admin\create.php...
Extracting messages from E:\wamp\www\g-yiii4\protected\backend\views\admin\index.php...
Extracting messages from E:\wamp\www\g-yiii4\protected\backend\views\admin\update.php...
Extracting messages from E:\wamp\www\g-yiii4\protected\backend\views\categoryI18n\_i18n.php...
Extracting messages from E:\wamp\www\g-yiii4\protected\backend\views\category\_basic.php...
Extracting messages from E:\wamp\www\g-yiii4\protected\backend\views\category\_formI18n.php...
Extracting messages from E:\wamp\www\g-yiii4\protected\backend\views\category\_search.php...
Extracting messages from E:\wamp\www\g-yiii4\protected\backend\views\category\create.php...
Extracting messages from E:\wamp\www\g-yiii4\protected\backend\views\category\index.php...
Extracting messages from E:\wamp\www\g-yiii4\protected\backend\views\category\update.php...
Extracting messages from E:\wamp\www\g-yiii4\protected\backend\views\contact\_form.php...
Extracting messages from E:\wamp\www\g-yiii4\protected\backend\views\contact\_search.php...
Extracting messages from E:\wamp\www\g-yiii4\protected\backend\views\contact\index.php...
Extracting messages from E:\wamp\www\g-yiii4\protected\backend\views\contact\update.php...
Extracting messages from E:\wamp\www\g-yiii4\protected\backend\views\informationI18n\_i18n.php...
Extracting messages from E:\wamp\www\g-yiii4\protected\backend\views\information\_basic.php...
Extracting messages from E:\wamp\www\g-yiii4\protected\backend\views\information\_formI18n.php...
Extracting messages from E:\wamp\www\g-yiii4\protected\backend\views\information\_search.php...
Extracting messages from E:\wamp\www\g-yiii4\protected\backend\views\information\create.php...
Extracting messages from E:\wamp\www\g-yiii4\protected\backend\views\information\index.php...
Extracting messages from E:\wamp\www\g-yiii4\protected\backend\views\information\update.php...
Extracting messages from E:\wamp\www\g-yiii4\protected\backend\views\language\_form.php...
Extracting messages from E:\wamp\www\g-yiii4\protected\backend\views\language\_search.php...
Extracting messages from E:\wamp\www\g-yiii4\protected\backend\views\language\create.php...
Extracting messages from E:\wamp\www\g-yiii4\protected\backend\views\language\index.php...
Extracting messages from E:\wamp\www\g-yiii4\protected\backend\views\language\update.php...
Extracting messages from E:\wamp\www\g-yiii4\protected\backend\views\layouts\column1.php...
Extracting messages from E:\wamp\www\g-yiii4\protected\backend\views\layouts\column2.php...
Extracting messages from E:\wamp\www\g-yiii4\protected\backend\views\layouts\login.php...
Extracting messages from E:\wamp\www\g-yiii4\protected\backend\views\layouts\main.php...
Extracting messages from E:\wamp\www\g-yiii4\protected\backend\views\newsI18n\_i18n.php...
Extracting messages from E:\wamp\www\g-yiii4\protected\backend\views\news\_basic.php...
Extracting messages from E:\wamp\www\g-yiii4\protected\backend\views\news\_formI18n.php...
Extracting messages from E:\wamp\www\g-yiii4\protected\backend\views\news\_search.php...
Extracting messages from E:\wamp\www\g-yiii4\protected\backend\views\news\create.php...
Extracting messages from E:\wamp\www\g-yiii4\protected\backend\views\news\index.php...
Extracting messages from E:\wamp\www\g-yiii4\protected\backend\views\news\update.php...
Extracting messages from E:\wamp\www\g-yiii4\protected\backend\views\picI18n\_i18n.php...
Extracting messages from E:\wamp\www\g-yiii4\protected\backend\views\picType\_form.php...
Extracting messages from E:\wamp\www\g-yiii4\protected\backend\views\picType\_search.php...
Extracting messages from E:\wamp\www\g-yiii4\protected\backend\views\picType\create.php...
Extracting messages from E:\wamp\www\g-yiii4\protected\backend\views\picType\index.php...
Extracting messages from E:\wamp\www\g-yiii4\protected\backend\views\picType\update.php...
Extracting messages from E:\wamp\www\g-yiii4\protected\backend\views\pic\_basic.php...
Extracting messages from E:\wamp\www\g-yiii4\protected\backend\views\pic\_formI18n.php...
Extracting messages from E:\wamp\www\g-yiii4\protected\backend\views\pic\_search.php...
Extracting messages from E:\wamp\www\g-yiii4\protected\backend\views\pic\create.php...
Extracting messages from E:\wamp\www\g-yiii4\protected\backend\views\pic\index.php...
Extracting messages from E:\wamp\www\g-yiii4\protected\backend\views\pic\update.php...
Extracting messages from E:\wamp\www\g-yiii4\protected\backend\views\productI18n\_i18n.php...
Extracting messages from E:\wamp\www\g-yiii4\protected\backend\views\product\_basic.php...
Extracting messages from E:\wamp\www\g-yiii4\protected\backend\views\product\_formI18n.php...
Extracting messages from E:\wamp\www\g-yiii4\protected\backend\views\product\_search.php...
Extracting messages from E:\wamp\www\g-yiii4\protected\backend\views\product\_swfupload.php...
Extracting messages from E:\wamp\www\g-yiii4\protected\backend\views\product\create.php...
Extracting messages from E:\wamp\www\g-yiii4\protected\backend\views\product\index.php...
Extracting messages from E:\wamp\www\g-yiii4\protected\backend\views\product\update.php...
Extracting messages from E:\wamp\www\g-yiii4\protected\backend\views\setting\analysis.php...
Extracting messages from E:\wamp\www\g-yiii4\protected\backend\views\setting\index.php...
Extracting messages from E:\wamp\www\g-yiii4\protected\backend\views\setting\mail.php...
Extracting messages from E:\wamp\www\g-yiii4\protected\backend\views\setting\mail\email.php...
Extracting messages from E:\wamp\www\g-yiii4\protected\backend\views\setting\mail\smtp.php...
Extracting messages from E:\wamp\www\g-yiii4\protected\backend\views\setting\meta.php...
Extracting messages from E:\wamp\www\g-yiii4\protected\backend\views\setting\meta\_i18n.php...
Extracting messages from E:\wamp\www\g-yiii4\protected\backend\views\site\contact.php...
Extracting messages from E:\wamp\www\g-yiii4\protected\backend\views\site\error.php...
Extracting messages from E:\wamp\www\g-yiii4\protected\backend\views\site\index.php...
Extracting messages from E:\wamp\www\g-yiii4\protected\backend\views\site\login.php...
Extracting messages from E:\wamp\www\g-yiii4\protected\backend\views\site\pages\about.php...
Extracting messages from E:\wamp\www\g-yiii4\protected\backend\yiic.php...
Saving messages to E:\wamp\www\g-yiii4\protected\backend\messages\zh_tw\app.php...nothing new...skipped.
Saving messages to E:\wamp\www\g-yiii4\protected\backend\messages\zh_tw\M/admin.php...nothing new...skipped.
Saving messages to E:\wamp\www\g-yiii4\protected\backend\messages\zh_tw\M/category.php...nothing new...skipped.
Saving messages to E:\wamp\www\g-yiii4\protected\backend\messages\zh_tw\M/login.php...nothing new...skipped.
Saving messages to E:\wamp\www\g-yiii4\protected\backend\messages\zh_tw\M/product.php...nothing new...skipped.
Saving messages to E:\wamp\www\g-yiii4\protected\backend\messages\zh_tw\M/categoryi18n.php...nothing new...skipped.
Saving messages to E:\wamp\www\g-yiii4\protected\backend\messages\zh_tw\M/contact.php...nothing new...skipped.
Saving messages to E:\wamp\www\g-yiii4\protected\backend\messages\zh_tw\M/information.php...nothing new...skipped.
Saving messages to E:\wamp\www\g-yiii4\protected\backend\messages\zh_tw\M/informationi18n.php...nothing new...skipped.
Saving messages to E:\wamp\www\g-yiii4\protected\backend\messages\zh_tw\M/language.php...nothing new...skipped.
Saving messages to E:\wamp\www\g-yiii4\protected\backend\messages\zh_tw\M/news.php...nothing new...skipped.
Saving messages to E:\wamp\www\g-yiii4\protected\backend\messages\zh_tw\M/newsi18n.php...nothing new...skipped.
Saving messages to E:\wamp\www\g-yiii4\protected\backend\messages\zh_tw\M/pic.php...nothing new...skipped.
Saving messages to E:\wamp\www\g-yiii4\protected\backend\messages\zh_tw\M/pici18n.php...nothing new...skipped.
Saving messages to E:\wamp\www\g-yiii4\protected\backend\messages\zh_tw\M/pictype.php...nothing new...skipped.
Saving messages to E:\wamp\www\g-yiii4\protected\backend\messages\zh_tw\M/product2category.php...nothing new...skipped.
Saving messages to E:\wamp\www\g-yiii4\protected\backend\messages\zh_tw\M/product2image.php...nothing new...skipped.
Saving messages to E:\wamp\www\g-yiii4\protected\backend\messages\zh_tw\M/producti18n.php...nothing new...skipped.
Saving messages to E:\wamp\www\g-yiii4\protected\backend\messages\zh_tw\M/setting.php...nothing new...skipped.
Saving messages to E:\wamp\www\g-yiii4\protected\backend\messages\zh_tw\nav.php...nothing new...skipped.
Saving messages to E:\wamp\www\g-yiii4\protected\backend\messages\zh_tw\setting.php...nothing new...skipped.
Saving messages to E:\wamp\www\g-yiii4\protected\backend\messages\zh_tw\error.php...nothing new...skipped.
